c:\users\shane\onedrive\documents\visual studio 2019\projects\project3_planetgame\project3_planetgame\x64\release\vc142.pdb
c:\users\shane\onedrive\documents\visual studio 2019\projects\project3_planetgame\project3_planetgame\x64\release\level.obj
c:\users\shane\onedrive\documents\visual studio 2019\projects\project3_planetgame\project3_planetgame\x64\release\heavyblock.obj
c:\users\shane\onedrive\documents\visual studio 2019\projects\project3_planetgame\project3_planetgame\x64\release\gamewin.obj
c:\users\shane\onedrive\documents\visual studio 2019\projects\project3_planetgame\project3_planetgame\x64\release\gamestart.obj
c:\users\shane\onedrive\documents\visual studio 2019\projects\project3_planetgame\project3_planetgame\x64\release\gameover.obj
c:\users\shane\onedrive\documents\visual studio 2019\projects\project3_planetgame\project3_planetgame\x64\release\game.obj
c:\users\shane\onedrive\documents\visual studio 2019\projects\project3_planetgame\project3_planetgame\x64\release\explosionevent.obj
c:\users\shane\onedrive\documents\visual studio 2019\projects\project3_planetgame\project3_planetgame\x64\release\explosion.obj
c:\users\shane\onedrive\documents\visual studio 2019\projects\project3_planetgame\project3_planetgame\x64\release\changehealthevent.obj
c:\users\shane\onedrive\documents\visual studio 2019\projects\project3_planetgame\project3_planetgame\x64\release\changeblockbutton.obj
c:\users\shane\onedrive\documents\visual studio 2019\projects\project3_planetgame\project3_planetgame\x64\release\buymanager.obj
c:\users\shane\onedrive\documents\visual studio 2019\projects\project3_planetgame\project3_planetgame\x64\release\bulletshooter.obj
c:\users\shane\onedrive\documents\visual studio 2019\projects\project3_planetgame\project3_planetgame\x64\release\bullet.obj
c:\users\shane\onedrive\documents\visual studio 2019\projects\project3_planetgame\project3_planetgame\x64\release\bomb.obj
c:\users\shane\onedrive\documents\visual studio 2019\projects\project3_planetgame\project3_planetgame\x64\release\blockplacer.obj
c:\users\shane\onedrive\documents\visual studio 2019\projects\project3_planetgame\project3_planetgame\x64\release\block.obj
c:\users\shane\onedrive\documents\visual studio 2019\projects\project3_planetgame\project3_planetgame\x64\release\bigsmile.obj
c:\users\shane\onedrive\documents\visual studio 2019\projects\project3_planetgame\project3_planetgame\x64\release\biglad.obj
c:\users\shane\onedrive\documents\visual studio 2019\projects\project3_planetgame\project3_planetgame\x64\release\asteroidspawner.obj
c:\users\shane\onedrive\documents\visual studio 2019\projects\project3_planetgame\project3_planetgame\x64\release\asteroid.obj
c:\users\shane\onedrive\documents\visual studio 2019\projects\project3_planetgame\project3_planetgame\x64\release\wave.obj
c:\users\shane\onedrive\documents\visual studio 2019\projects\project3_planetgame\project3_planetgame\x64\release\points.obj
c:\users\shane\onedrive\documents\visual studio 2019\projects\project3_planetgame\project3_planetgame\x64\release\planet.obj
c:\users\shane\onedrive\documents\visual studio 2019\projects\project3_planetgame\project3_planetgame\x64\release\nextwave.obj
c:\users\shane\onedrive\documents\visual studio 2019\projects\project3_planetgame\x64\release\project3_planetgame.exe
c:\users\shane\onedrive\documents\visual studio 2019\projects\project3_planetgame\x64\release\project3_planetgame.pdb
c:\users\shane\onedrive\documents\visual studio 2019\projects\project3_planetgame\x64\release\project3_planetgame.ipdb
c:\users\shane\onedrive\documents\visual studio 2019\projects\project3_planetgame\x64\release\project3_planetgame.iobj
c:\users\shane\onedrive\documents\visual studio 2019\projects\project3_planetgame\project3_planetgame\x64\release\project3.50365221.tlog\cl.command.1.tlog
c:\users\shane\onedrive\documents\visual studio 2019\projects\project3_planetgame\project3_planetgame\x64\release\project3.50365221.tlog\cl.read.1.tlog
c:\users\shane\onedrive\documents\visual studio 2019\projects\project3_planetgame\project3_planetgame\x64\release\project3.50365221.tlog\cl.write.1.tlog
c:\users\shane\onedrive\documents\visual studio 2019\projects\project3_planetgame\project3_planetgame\x64\release\project3.50365221.tlog\link.command.1.tlog
c:\users\shane\onedrive\documents\visual studio 2019\projects\project3_planetgame\project3_planetgame\x64\release\project3.50365221.tlog\link.read.1.tlog
c:\users\shane\onedrive\documents\visual studio 2019\projects\project3_planetgame\project3_planetgame\x64\release\project3.50365221.tlog\link.write.1.tlog
c:\users\shane\onedrive\documents\visual studio 2019\projects\project3_planetgame\project3_planetgame\x64\release\project3.50365221.tlog\project3_planetgame.write.1u.tlog
