<<<<<<< HEAD
﻿  Asteroid.cpp
C:\Users\shane\OneDrive\Documents\Visual Studio 2019\Projects\Project3_PlanetGame\Project3_PlanetGame\Asteroid.cpp(25,53): warning C4305: 'argument': truncation from 'double' to 'float'
C:\Users\shane\OneDrive\Documents\Visual Studio 2019\Projects\Project3_PlanetGame\Project3_PlanetGame\Asteroid.cpp(31,54): warning C4305: 'argument': truncation from 'double' to 'float'
C:\Users\shane\OneDrive\Documents\Visual Studio 2019\Projects\Project3_PlanetGame\Project3_PlanetGame\Asteroid.cpp(59): warning C4715: 'Asteroid::eventHandler': not all control paths return a value
libdragonfly-x64-debug.lib(Animation.obj) : warning LNK4099: PDB '' was not found with 'libdragonfly-x64-debug.lib(Animation.obj)' or at ''; linking object as if no debug info
libdragonfly-x64-debug.lib(Box.obj) : warning LNK4099: PDB 'dragonfly.pdb' was not found with 'libdragonfly-x64-debug.lib(Box.obj)' or at 'C:\Users\shane\OneDrive\Documents\Visual Studio 2019\Projects\Project3_PlanetGame\x64\Debug\dragonfly.pdb'; linking object as if no debug info
libdragonfly-x64-debug.lib(Circle.obj) : warning LNK4099: PDB 'dragonfly.pdb' was not found with 'libdragonfly-x64-debug.lib(Circle.obj)' or at 'C:\Users\shane\OneDrive\Documents\Visual Studio 2019\Projects\Project3_PlanetGame\x64\Debug\dragonfly.pdb'; linking object as if no debug info
libdragonfly-x64-debug.lib(Clock.obj) : warning LNK4099: PDB '' was not found with 'libdragonfly-x64-debug.lib(Clock.obj)' or at ''; linking object as if no debug info
libdragonfly-x64-debug.lib(Config.obj) : warning LNK4099: PDB 'dragonfly.pdb' was not found with 'libdragonfly-x64-debug.lib(Config.obj)' or at 'C:\Users\shane\OneDrive\Documents\Visual Studio 2019\Projects\Project3_PlanetGame\x64\Debug\dragonfly.pdb'; linking object as if no debug info
libdragonfly-x64-debug.lib(DisplayManager.obj) : warning LNK4099: PDB '' was not found with 'libdragonfly-x64-debug.lib(DisplayManager.obj)' or at ''; linking object as if no debug info
libdragonfly-x64-debug.lib(Event.obj) : warning LNK4099: PDB 'dragonfly.pdb' was not found with 'libdragonfly-x64-debug.lib(Event.obj)' or at 'C:\Users\shane\OneDrive\Documents\Visual Studio 2019\Projects\Project3_PlanetGame\x64\Debug\dragonfly.pdb'; linking object as if no debug info
libdragonfly-x64-debug.lib(EventCollision.obj) : warning LNK4099: PDB 'dragonfly.pdb' was not found with 'libdragonfly-x64-debug.lib(EventCollision.obj)' or at 'C:\Users\shane\OneDrive\Documents\Visual Studio 2019\Projects\Project3_PlanetGame\x64\Debug\dragonfly.pdb'; linking object as if no debug info
libdragonfly-x64-debug.lib(EventKeyboard.obj) : warning LNK4099: PDB 'dragonfly.pdb' was not found with 'libdragonfly-x64-debug.lib(EventKeyboard.obj)' or at 'C:\Users\shane\OneDrive\Documents\Visual Studio 2019\Projects\Project3_PlanetGame\x64\Debug\dragonfly.pdb'; linking object as if no debug info
libdragonfly-x64-debug.lib(EventMouse.obj) : warning LNK4099: PDB 'dragonfly.pdb' was not found with 'libdragonfly-x64-debug.lib(EventMouse.obj)' or at 'C:\Users\shane\OneDrive\Documents\Visual Studio 2019\Projects\Project3_PlanetGame\x64\Debug\dragonfly.pdb'; linking object as if no debug info
libdragonfly-x64-debug.lib(EventNetwork.obj) : warning LNK4099: PDB '' was not found with 'libdragonfly-x64-debug.lib(EventNetwork.obj)' or at ''; linking object as if no debug info
libdragonfly-x64-debug.lib(EventOut.obj) : warning LNK4099: PDB 'dragonfly.pdb' was not found with 'libdragonfly-x64-debug.lib(EventOut.obj)' or at 'C:\Users\shane\OneDrive\Documents\Visual Studio 2019\Projects\Project3_PlanetGame\x64\Debug\dragonfly.pdb'; linking object as if no debug info
libdragonfly-x64-debug.lib(EventPath.obj) : warning LNK4099: PDB 'dragonfly.pdb' was not found with 'libdragonfly-x64-debug.lib(EventPath.obj)' or at 'C:\Users\shane\OneDrive\Documents\Visual Studio 2019\Projects\Project3_PlanetGame\x64\Debug\dragonfly.pdb'; linking object as if no debug info
libdragonfly-x64-debug.lib(EventStep.obj) : warning LNK4099: PDB 'dragonfly.pdb' was not found with 'libdragonfly-x64-debug.lib(EventStep.obj)' or at 'C:\Users\shane\OneDrive\Documents\Visual Studio 2019\Projects\Project3_PlanetGame\x64\Debug\dragonfly.pdb'; linking object as if no debug info
libdragonfly-x64-debug.lib(EventView.obj) : warning LNK4099: PDB 'dragonfly.pdb' was not found with 'libdragonfly-x64-debug.lib(EventView.obj)' or at 'C:\Users\shane\OneDrive\Documents\Visual Studio 2019\Projects\Project3_PlanetGame\x64\Debug\dragonfly.pdb'; linking object as if no debug info
libdragonfly-x64-debug.lib(Firework.obj) : warning LNK4099: PDB 'dragonfly.pdb' was not found with 'libdragonfly-x64-debug.lib(Firework.obj)' or at 'C:\Users\shane\OneDrive\Documents\Visual Studio 2019\Projects\Project3_PlanetGame\x64\Debug\dragonfly.pdb'; linking object as if no debug info
libdragonfly-x64-debug.lib(Frame.obj) : warning LNK4099: PDB 'dragonfly.pdb' was not found with 'libdragonfly-x64-debug.lib(Frame.obj)' or at 'C:\Users\shane\OneDrive\Documents\Visual Studio 2019\Projects\Project3_PlanetGame\x64\Debug\dragonfly.pdb'; linking object as if no debug info
libdragonfly-x64-debug.lib(GameManager.obj) : warning LNK4099: PDB 'dragonfly.pdb' was not found with 'libdragonfly-x64-debug.lib(GameManager.obj)' or at 'C:\Users\shane\OneDrive\Documents\Visual Studio 2019\Projects\Project3_PlanetGame\x64\Debug\dragonfly.pdb'; linking object as if no debug info
libdragonfly-x64-debug.lib(InputManager.obj) : warning LNK4099: PDB 'dragonfly.pdb' was not found with 'libdragonfly-x64-debug.lib(InputManager.obj)' or at 'C:\Users\shane\OneDrive\Documents\Visual Studio 2019\Projects\Project3_PlanetGame\x64\Debug\dragonfly.pdb'; linking object as if no debug info
libdragonfly-x64-debug.lib(Line.obj) : warning LNK4099: PDB '' was not found with 'libdragonfly-x64-debug.lib(Line.obj)' or at ''; linking object as if no debug info
libdragonfly-x64-debug.lib(LogManager.obj) : warning LNK4099: PDB 'dragonfly.pdb' was not found with 'libdragonfly-x64-debug.lib(LogManager.obj)' or at 'C:\Users\shane\OneDrive\Documents\Visual Studio 2019\Projects\Project3_PlanetGame\x64\Debug\dragonfly.pdb'; linking object as if no debug info
libdragonfly-x64-debug.lib(Manager.obj) : warning LNK4099: PDB 'dragonfly.pdb' was not found with 'libdragonfly-x64-debug.lib(Manager.obj)' or at 'C:\Users\shane\OneDrive\Documents\Visual Studio 2019\Projects\Project3_PlanetGame\x64\Debug\dragonfly.pdb'; linking object as if no debug info
libdragonfly-x64-debug.lib(Music.obj) : warning LNK4099: PDB '' was not found with 'libdragonfly-x64-debug.lib(Music.obj)' or at ''; linking object as if no debug info
libdragonfly-x64-debug.lib(NetworkManager.obj) : warning LNK4099: PDB '' was not found with 'libdragonfly-x64-debug.lib(NetworkManager.obj)' or at ''; linking object as if no debug info
libdragonfly-x64-debug.lib(Object.obj) : warning LNK4099: PDB 'dragonfly.pdb' was not found with 'libdragonfly-x64-debug.lib(Object.obj)' or at 'C:\Users\shane\OneDrive\Documents\Visual Studio 2019\Projects\Project3_PlanetGame\x64\Debug\dragonfly.pdb'; linking object as if no debug info
libdragonfly-x64-debug.lib(ObjectList.obj) : warning LNK4099: PDB '' was not found with 'libdragonfly-x64-debug.lib(ObjectList.obj)' or at ''; linking object as if no debug info
libdragonfly-x64-debug.lib(ObjectListIterator.obj) : warning LNK4099: PDB 'dragonfly.pdb' was not found with 'libdragonfly-x64-debug.lib(ObjectListIterator.obj)' or at 'C:\Users\shane\OneDrive\Documents\Visual Studio 2019\Projects\Project3_PlanetGame\x64\Debug\dragonfly.pdb'; linking object as if no debug info
libdragonfly-x64-debug.lib(Particle.obj) : warning LNK4099: PDB 'dragonfly.pdb' was not found with 'libdragonfly-x64-debug.lib(Particle.obj)' or at 'C:\Users\shane\OneDrive\Documents\Visual Studio 2019\Projects\Project3_PlanetGame\x64\Debug\dragonfly.pdb'; linking object as if no debug info
libdragonfly-x64-debug.lib(Path.obj) : warning LNK4099: PDB 'dragonfly.pdb' was not found with 'libdragonfly-x64-debug.lib(Path.obj)' or at 'C:\Users\shane\OneDrive\Documents\Visual Studio 2019\Projects\Project3_PlanetGame\x64\Debug\dragonfly.pdb'; linking object as if no debug info
libdragonfly-x64-debug.lib(PathFind.obj) : warning LNK4099: PDB 'dragonfly.pdb' was not found with 'libdragonfly-x64-debug.lib(PathFind.obj)' or at 'C:\Users\shane\OneDrive\Documents\Visual Studio 2019\Projects\Project3_PlanetGame\x64\Debug\dragonfly.pdb'; linking object as if no debug info
libdragonfly-x64-debug.lib(PathManager.obj) : warning LNK4099: PDB 'dragonfly.pdb' was not found with 'libdragonfly-x64-debug.lib(PathManager.obj)' or at 'C:\Users\shane\OneDrive\Documents\Visual Studio 2019\Projects\Project3_PlanetGame\x64\Debug\dragonfly.pdb'; linking object as if no debug info
libdragonfly-x64-debug.lib(Precipitation.obj) : warning LNK4099: PDB '' was not found with 'libdragonfly-x64-debug.lib(Precipitation.obj)' or at ''; linking object as if no debug info
libdragonfly-x64-debug.lib(ResourceManager.obj) : warning LNK4099: PDB 'dragonfly.pdb' was not found with 'libdragonfly-x64-debug.lib(ResourceManager.obj)' or at 'C:\Users\shane\OneDrive\Documents\Visual Studio 2019\Projects\Project3_PlanetGame\x64\Debug\dragonfly.pdb'; linking object as if no debug info
libdragonfly-x64-debug.lib(SceneGraph.obj) : warning LNK4099: PDB 'dragonfly.pdb' was not found with 'libdragonfly-x64-debug.lib(SceneGraph.obj)' or at 'C:\Users\shane\OneDrive\Documents\Visual Studio 2019\Projects\Project3_PlanetGame\x64\Debug\dragonfly.pdb'; linking object as if no debug info
libdragonfly-x64-debug.lib(Shape.obj) : warning LNK4099: PDB 'dragonfly.pdb' was not found with 'libdragonfly-x64-debug.lib(Shape.obj)' or at 'C:\Users\shane\OneDrive\Documents\Visual Studio 2019\Projects\Project3_PlanetGame\x64\Debug\dragonfly.pdb'; linking object as if no debug info
libdragonfly-x64-debug.lib(Sound.obj) : warning LNK4099: PDB 'dragonfly.pdb' was not found with 'libdragonfly-x64-debug.lib(Sound.obj)' or at 'C:\Users\shane\OneDrive\Documents\Visual Studio 2019\Projects\Project3_PlanetGame\x64\Debug\dragonfly.pdb'; linking object as if no debug info
libdragonfly-x64-debug.lib(Splash.obj) : warning LNK4099: PDB 'dragonfly.pdb' was not found with 'libdragonfly-x64-debug.lib(Splash.obj)' or at 'C:\Users\shane\OneDrive\Documents\Visual Studio 2019\Projects\Project3_PlanetGame\x64\Debug\dragonfly.pdb'; linking object as if no debug info
libdragonfly-x64-debug.lib(SplashDragonfly.obj) : warning LNK4099: PDB 'dragonfly.pdb' was not found with 'libdragonfly-x64-debug.lib(SplashDragonfly.obj)' or at 'C:\Users\shane\OneDrive\Documents\Visual Studio 2019\Projects\Project3_PlanetGame\x64\Debug\dragonfly.pdb'; linking object as if no debug info
libdragonfly-x64-debug.lib(Sprite.obj) : warning LNK4099: PDB '' was not found with 'libdragonfly-x64-debug.lib(Sprite.obj)' or at ''; linking object as if no debug info
libdragonfly-x64-debug.lib(utility.obj) : warning LNK4099: PDB 'dragonfly.pdb' was not found with 'libdragonfly-x64-debug.lib(utility.obj)' or at 'C:\Users\shane\OneDrive\Documents\Visual Studio 2019\Projects\Project3_PlanetGame\x64\Debug\dragonfly.pdb'; linking object as if no debug info
libdragonfly-x64-debug.lib(Vector.obj) : warning LNK4099: PDB '' was not found with 'libdragonfly-x64-debug.lib(Vector.obj)' or at ''; linking object as if no debug info
libdragonfly-x64-debug.lib(ViewObject.obj) : warning LNK4099: PDB '' was not found with 'libdragonfly-x64-debug.lib(ViewObject.obj)' or at ''; linking object as if no debug info
libdragonfly-x64-debug.lib(WorldManager.obj) : warning LNK4099: PDB '' was not found with 'libdragonfly-x64-debug.lib(WorldManager.obj)' or at ''; linking object as if no debug info
  Project3_PlanetGame.vcxproj -> C:\Users\shane\OneDrive\Documents\Visual Studio 2019\Projects\Project3_PlanetGame\x64\Debug\Project3_PlanetGame.exe
=======
﻿  BlockPlacer.cpp
C:\Users\holdz\source\repos\Project3_PlanetGame\Project3_PlanetGame\BlockPlacer.cpp(18,43): warning C4244: 'argument': conversion from 'int' to 'float', possible loss of data
C:\Users\holdz\source\repos\Project3_PlanetGame\Project3_PlanetGame\BlockPlacer.cpp(18,27): warning C4244: 'argument': conversion from 'int' to 'float', possible loss of data
  game.cpp
  GameStart.cpp
  Planet.cpp
  Generating Code...
C:\Users\holdz\source\repos\Project3_PlanetGame\Project3_PlanetGame\Planet.cpp(40): warning C4715: 'Planet::eventHandler': not all control paths return a value
libdragonfly-x64-debug.lib(Animation.obj) : warning LNK4099: PDB 'dragonfly.pdb' was not found with 'libdragonfly-x64-debug.lib(Animation.obj)' or at 'C:\Users\holdz\Source\Repos\Project3_PlanetGame\x64\Debug\dragonfly.pdb'; linking object as if no debug info
libdragonfly-x64-debug.lib(Box.obj) : warning LNK4099: PDB 'dragonfly.pdb' was not found with 'libdragonfly-x64-debug.lib(Box.obj)' or at 'C:\Users\holdz\Source\Repos\Project3_PlanetGame\x64\Debug\dragonfly.pdb'; linking object as if no debug info
libdragonfly-x64-debug.lib(Circle.obj) : warning LNK4099: PDB 'dragonfly.pdb' was not found with 'libdragonfly-x64-debug.lib(Circle.obj)' or at 'C:\Users\holdz\Source\Repos\Project3_PlanetGame\x64\Debug\dragonfly.pdb'; linking object as if no debug info
libdragonfly-x64-debug.lib(Clock.obj) : warning LNK4099: PDB 'dragonfly.pdb' was not found with 'libdragonfly-x64-debug.lib(Clock.obj)' or at 'C:\Users\holdz\Source\Repos\Project3_PlanetGame\x64\Debug\dragonfly.pdb'; linking object as if no debug info
libdragonfly-x64-debug.lib(Config.obj) : warning LNK4099: PDB 'dragonfly.pdb' was not found with 'libdragonfly-x64-debug.lib(Config.obj)' or at 'C:\Users\holdz\Source\Repos\Project3_PlanetGame\x64\Debug\dragonfly.pdb'; linking object as if no debug info
libdragonfly-x64-debug.lib(DisplayManager.obj) : warning LNK4099: PDB 'dragonfly.pdb' was not found with 'libdragonfly-x64-debug.lib(DisplayManager.obj)' or at 'C:\Users\holdz\Source\Repos\Project3_PlanetGame\x64\Debug\dragonfly.pdb'; linking object as if no debug info
libdragonfly-x64-debug.lib(Event.obj) : warning LNK4099: PDB 'dragonfly.pdb' was not found with 'libdragonfly-x64-debug.lib(Event.obj)' or at 'C:\Users\holdz\Source\Repos\Project3_PlanetGame\x64\Debug\dragonfly.pdb'; linking object as if no debug info
libdragonfly-x64-debug.lib(EventCollision.obj) : warning LNK4099: PDB 'dragonfly.pdb' was not found with 'libdragonfly-x64-debug.lib(EventCollision.obj)' or at 'C:\Users\holdz\Source\Repos\Project3_PlanetGame\x64\Debug\dragonfly.pdb'; linking object as if no debug info
libdragonfly-x64-debug.lib(EventKeyboard.obj) : warning LNK4099: PDB 'dragonfly.pdb' was not found with 'libdragonfly-x64-debug.lib(EventKeyboard.obj)' or at 'C:\Users\holdz\Source\Repos\Project3_PlanetGame\x64\Debug\dragonfly.pdb'; linking object as if no debug info
libdragonfly-x64-debug.lib(EventMouse.obj) : warning LNK4099: PDB 'dragonfly.pdb' was not found with 'libdragonfly-x64-debug.lib(EventMouse.obj)' or at 'C:\Users\holdz\Source\Repos\Project3_PlanetGame\x64\Debug\dragonfly.pdb'; linking object as if no debug info
libdragonfly-x64-debug.lib(EventNetwork.obj) : warning LNK4099: PDB 'dragonfly.pdb' was not found with 'libdragonfly-x64-debug.lib(EventNetwork.obj)' or at 'C:\Users\holdz\Source\Repos\Project3_PlanetGame\x64\Debug\dragonfly.pdb'; linking object as if no debug info
libdragonfly-x64-debug.lib(EventOut.obj) : warning LNK4099: PDB 'dragonfly.pdb' was not found with 'libdragonfly-x64-debug.lib(EventOut.obj)' or at 'C:\Users\holdz\Source\Repos\Project3_PlanetGame\x64\Debug\dragonfly.pdb'; linking object as if no debug info
libdragonfly-x64-debug.lib(EventPath.obj) : warning LNK4099: PDB 'dragonfly.pdb' was not found with 'libdragonfly-x64-debug.lib(EventPath.obj)' or at 'C:\Users\holdz\Source\Repos\Project3_PlanetGame\x64\Debug\dragonfly.pdb'; linking object as if no debug info
libdragonfly-x64-debug.lib(EventStep.obj) : warning LNK4099: PDB 'dragonfly.pdb' was not found with 'libdragonfly-x64-debug.lib(EventStep.obj)' or at 'C:\Users\holdz\Source\Repos\Project3_PlanetGame\x64\Debug\dragonfly.pdb'; linking object as if no debug info
libdragonfly-x64-debug.lib(EventView.obj) : warning LNK4099: PDB 'dragonfly.pdb' was not found with 'libdragonfly-x64-debug.lib(EventView.obj)' or at 'C:\Users\holdz\Source\Repos\Project3_PlanetGame\x64\Debug\dragonfly.pdb'; linking object as if no debug info
libdragonfly-x64-debug.lib(Firework.obj) : warning LNK4099: PDB 'dragonfly.pdb' was not found with 'libdragonfly-x64-debug.lib(Firework.obj)' or at 'C:\Users\holdz\Source\Repos\Project3_PlanetGame\x64\Debug\dragonfly.pdb'; linking object as if no debug info
libdragonfly-x64-debug.lib(Frame.obj) : warning LNK4099: PDB 'dragonfly.pdb' was not found with 'libdragonfly-x64-debug.lib(Frame.obj)' or at 'C:\Users\holdz\Source\Repos\Project3_PlanetGame\x64\Debug\dragonfly.pdb'; linking object as if no debug info
libdragonfly-x64-debug.lib(GameManager.obj) : warning LNK4099: PDB 'dragonfly.pdb' was not found with 'libdragonfly-x64-debug.lib(GameManager.obj)' or at 'C:\Users\holdz\Source\Repos\Project3_PlanetGame\x64\Debug\dragonfly.pdb'; linking object as if no debug info
libdragonfly-x64-debug.lib(InputManager.obj) : warning LNK4099: PDB 'dragonfly.pdb' was not found with 'libdragonfly-x64-debug.lib(InputManager.obj)' or at 'C:\Users\holdz\Source\Repos\Project3_PlanetGame\x64\Debug\dragonfly.pdb'; linking object as if no debug info
libdragonfly-x64-debug.lib(Line.obj) : warning LNK4099: PDB 'dragonfly.pdb' was not found with 'libdragonfly-x64-debug.lib(Line.obj)' or at 'C:\Users\holdz\Source\Repos\Project3_PlanetGame\x64\Debug\dragonfly.pdb'; linking object as if no debug info
libdragonfly-x64-debug.lib(LogManager.obj) : warning LNK4099: PDB 'dragonfly.pdb' was not found with 'libdragonfly-x64-debug.lib(LogManager.obj)' or at 'C:\Users\holdz\Source\Repos\Project3_PlanetGame\x64\Debug\dragonfly.pdb'; linking object as if no debug info
libdragonfly-x64-debug.lib(Manager.obj) : warning LNK4099: PDB 'dragonfly.pdb' was not found with 'libdragonfly-x64-debug.lib(Manager.obj)' or at 'C:\Users\holdz\Source\Repos\Project3_PlanetGame\x64\Debug\dragonfly.pdb'; linking object as if no debug info
libdragonfly-x64-debug.lib(Music.obj) : warning LNK4099: PDB 'dragonfly.pdb' was not found with 'libdragonfly-x64-debug.lib(Music.obj)' or at 'C:\Users\holdz\Source\Repos\Project3_PlanetGame\x64\Debug\dragonfly.pdb'; linking object as if no debug info
libdragonfly-x64-debug.lib(NetworkManager.obj) : warning LNK4099: PDB 'dragonfly.pdb' was not found with 'libdragonfly-x64-debug.lib(NetworkManager.obj)' or at 'C:\Users\holdz\Source\Repos\Project3_PlanetGame\x64\Debug\dragonfly.pdb'; linking object as if no debug info
libdragonfly-x64-debug.lib(Object.obj) : warning LNK4099: PDB 'dragonfly.pdb' was not found with 'libdragonfly-x64-debug.lib(Object.obj)' or at 'C:\Users\holdz\Source\Repos\Project3_PlanetGame\x64\Debug\dragonfly.pdb'; linking object as if no debug info
libdragonfly-x64-debug.lib(ObjectList.obj) : warning LNK4099: PDB 'dragonfly.pdb' was not found with 'libdragonfly-x64-debug.lib(ObjectList.obj)' or at 'C:\Users\holdz\Source\Repos\Project3_PlanetGame\x64\Debug\dragonfly.pdb'; linking object as if no debug info
libdragonfly-x64-debug.lib(ObjectListIterator.obj) : warning LNK4099: PDB 'dragonfly.pdb' was not found with 'libdragonfly-x64-debug.lib(ObjectListIterator.obj)' or at 'C:\Users\holdz\Source\Repos\Project3_PlanetGame\x64\Debug\dragonfly.pdb'; linking object as if no debug info
libdragonfly-x64-debug.lib(Particle.obj) : warning LNK4099: PDB 'dragonfly.pdb' was not found with 'libdragonfly-x64-debug.lib(Particle.obj)' or at 'C:\Users\holdz\Source\Repos\Project3_PlanetGame\x64\Debug\dragonfly.pdb'; linking object as if no debug info
libdragonfly-x64-debug.lib(Path.obj) : warning LNK4099: PDB 'dragonfly.pdb' was not found with 'libdragonfly-x64-debug.lib(Path.obj)' or at 'C:\Users\holdz\Source\Repos\Project3_PlanetGame\x64\Debug\dragonfly.pdb'; linking object as if no debug info
libdragonfly-x64-debug.lib(PathFind.obj) : warning LNK4099: PDB 'dragonfly.pdb' was not found with 'libdragonfly-x64-debug.lib(PathFind.obj)' or at 'C:\Users\holdz\Source\Repos\Project3_PlanetGame\x64\Debug\dragonfly.pdb'; linking object as if no debug info
libdragonfly-x64-debug.lib(PathManager.obj) : warning LNK4099: PDB 'dragonfly.pdb' was not found with 'libdragonfly-x64-debug.lib(PathManager.obj)' or at 'C:\Users\holdz\Source\Repos\Project3_PlanetGame\x64\Debug\dragonfly.pdb'; linking object as if no debug info
libdragonfly-x64-debug.lib(Precipitation.obj) : warning LNK4099: PDB 'dragonfly.pdb' was not found with 'libdragonfly-x64-debug.lib(Precipitation.obj)' or at 'C:\Users\holdz\Source\Repos\Project3_PlanetGame\x64\Debug\dragonfly.pdb'; linking object as if no debug info
libdragonfly-x64-debug.lib(ResourceManager.obj) : warning LNK4099: PDB 'dragonfly.pdb' was not found with 'libdragonfly-x64-debug.lib(ResourceManager.obj)' or at 'C:\Users\holdz\Source\Repos\Project3_PlanetGame\x64\Debug\dragonfly.pdb'; linking object as if no debug info
libdragonfly-x64-debug.lib(SceneGraph.obj) : warning LNK4099: PDB 'dragonfly.pdb' was not found with 'libdragonfly-x64-debug.lib(SceneGraph.obj)' or at 'C:\Users\holdz\Source\Repos\Project3_PlanetGame\x64\Debug\dragonfly.pdb'; linking object as if no debug info
libdragonfly-x64-debug.lib(Shape.obj) : warning LNK4099: PDB 'dragonfly.pdb' was not found with 'libdragonfly-x64-debug.lib(Shape.obj)' or at 'C:\Users\holdz\Source\Repos\Project3_PlanetGame\x64\Debug\dragonfly.pdb'; linking object as if no debug info
libdragonfly-x64-debug.lib(Sound.obj) : warning LNK4099: PDB 'dragonfly.pdb' was not found with 'libdragonfly-x64-debug.lib(Sound.obj)' or at 'C:\Users\holdz\Source\Repos\Project3_PlanetGame\x64\Debug\dragonfly.pdb'; linking object as if no debug info
libdragonfly-x64-debug.lib(Splash.obj) : warning LNK4099: PDB 'dragonfly.pdb' was not found with 'libdragonfly-x64-debug.lib(Splash.obj)' or at 'C:\Users\holdz\Source\Repos\Project3_PlanetGame\x64\Debug\dragonfly.pdb'; linking object as if no debug info
libdragonfly-x64-debug.lib(SplashDragonfly.obj) : warning LNK4099: PDB 'dragonfly.pdb' was not found with 'libdragonfly-x64-debug.lib(SplashDragonfly.obj)' or at 'C:\Users\holdz\Source\Repos\Project3_PlanetGame\x64\Debug\dragonfly.pdb'; linking object as if no debug info
libdragonfly-x64-debug.lib(Sprite.obj) : warning LNK4099: PDB 'dragonfly.pdb' was not found with 'libdragonfly-x64-debug.lib(Sprite.obj)' or at 'C:\Users\holdz\Source\Repos\Project3_PlanetGame\x64\Debug\dragonfly.pdb'; linking object as if no debug info
libdragonfly-x64-debug.lib(utility.obj) : warning LNK4099: PDB 'dragonfly.pdb' was not found with 'libdragonfly-x64-debug.lib(utility.obj)' or at 'C:\Users\holdz\Source\Repos\Project3_PlanetGame\x64\Debug\dragonfly.pdb'; linking object as if no debug info
libdragonfly-x64-debug.lib(Vector.obj) : warning LNK4099: PDB 'dragonfly.pdb' was not found with 'libdragonfly-x64-debug.lib(Vector.obj)' or at 'C:\Users\holdz\Source\Repos\Project3_PlanetGame\x64\Debug\dragonfly.pdb'; linking object as if no debug info
libdragonfly-x64-debug.lib(ViewObject.obj) : warning LNK4099: PDB 'dragonfly.pdb' was not found with 'libdragonfly-x64-debug.lib(ViewObject.obj)' or at 'C:\Users\holdz\Source\Repos\Project3_PlanetGame\x64\Debug\dragonfly.pdb'; linking object as if no debug info
libdragonfly-x64-debug.lib(WorldManager.obj) : warning LNK4099: PDB 'dragonfly.pdb' was not found with 'libdragonfly-x64-debug.lib(WorldManager.obj)' or at 'C:\Users\holdz\Source\Repos\Project3_PlanetGame\x64\Debug\dragonfly.pdb'; linking object as if no debug info
  Project3_PlanetGame.vcxproj -> C:\Users\holdz\Source\Repos\Project3_PlanetGame\x64\Debug\Project3_PlanetGame.exe
>>>>>>> 473ee35c3b47c4a2c0792e86ed6be0656de5b06f
