c:\users\shane\onedrive\documents\visual studio 2019\projects\project3_planetgame\project3_planetgame\x64\debug\vc142.pdb
c:\users\shane\onedrive\documents\visual studio 2019\projects\project3_planetgame\project3_planetgame\x64\debug\vc142.idb
c:\users\shane\onedrive\documents\visual studio 2019\projects\project3_planetgame\project3_planetgame\x64\debug\nextwave.obj
c:\users\shane\onedrive\documents\visual studio 2019\projects\project3_planetgame\project3_planetgame\x64\debug\level.obj
c:\users\shane\onedrive\documents\visual studio 2019\projects\project3_planetgame\project3_planetgame\x64\debug\heavyblock.obj
c:\users\shane\onedrive\documents\visual studio 2019\projects\project3_planetgame\project3_planetgame\x64\debug\gamestart.obj
c:\users\shane\onedrive\documents\visual studio 2019\projects\project3_planetgame\project3_planetgame\x64\debug\gameover.obj
c:\users\shane\onedrive\documents\visual studio 2019\projects\project3_planetgame\project3_planetgame\x64\debug\game.obj
c:\users\shane\onedrive\documents\visual studio 2019\projects\project3_planetgame\project3_planetgame\x64\debug\explosionevent.obj
c:\users\shane\onedrive\documents\visual studio 2019\projects\project3_planetgame\project3_planetgame\x64\debug\explosion.obj
c:\users\shane\onedrive\documents\visual studio 2019\projects\project3_planetgame\project3_planetgame\x64\debug\changehealthevent.obj
c:\users\shane\onedrive\documents\visual studio 2019\projects\project3_planetgame\project3_planetgame\x64\debug\changeblockbutton.obj
c:\users\shane\onedrive\documents\visual studio 2019\projects\project3_planetgame\project3_planetgame\x64\debug\buymanager.obj
c:\users\shane\onedrive\documents\visual studio 2019\projects\project3_planetgame\project3_planetgame\x64\debug\bulletshooter.obj
c:\users\shane\onedrive\documents\visual studio 2019\projects\project3_planetgame\project3_planetgame\x64\debug\bullet.obj
c:\users\shane\onedrive\documents\visual studio 2019\projects\project3_planetgame\project3_planetgame\x64\debug\bomb.obj
c:\users\shane\onedrive\documents\visual studio 2019\projects\project3_planetgame\project3_planetgame\x64\debug\blockplacer.obj
c:\users\shane\onedrive\documents\visual studio 2019\projects\project3_planetgame\project3_planetgame\x64\debug\block.obj
c:\users\shane\onedrive\documents\visual studio 2019\projects\project3_planetgame\project3_planetgame\x64\debug\bigsmile.obj
c:\users\shane\onedrive\documents\visual studio 2019\projects\project3_planetgame\project3_planetgame\x64\debug\biglad.obj
c:\users\shane\onedrive\documents\visual studio 2019\projects\project3_planetgame\project3_planetgame\x64\debug\asteroidspawner.obj
c:\users\shane\onedrive\documents\visual studio 2019\projects\project3_planetgame\project3_planetgame\x64\debug\asteroid.obj
c:\users\shane\onedrive\documents\visual studio 2019\projects\project3_planetgame\project3_planetgame\x64\debug\wave.obj
c:\users\shane\onedrive\documents\visual studio 2019\projects\project3_planetgame\project3_planetgame\x64\debug\points.obj
c:\users\shane\onedrive\documents\visual studio 2019\projects\project3_planetgame\project3_planetgame\x64\debug\planet.obj
c:\users\shane\onedrive\documents\visual studio 2019\projects\project3_planetgame\project3_planetgame\x64\debug\gamewin.obj
c:\users\shane\onedrive\documents\visual studio 2019\projects\project3_planetgame\x64\debug\project3_planetgame.exe
c:\users\shane\onedrive\documents\visual studio 2019\projects\project3_planetgame\x64\debug\project3_planetgame.ilk
c:\users\shane\onedrive\documents\visual studio 2019\projects\project3_planetgame\x64\debug\project3_planetgame.pdb
c:\users\shane\onedrive\documents\visual studio 2019\projects\project3_planetgame\project3_planetgame\x64\debug\project3.50365221.tlog\cl.command.1.tlog
c:\users\shane\onedrive\documents\visual studio 2019\projects\project3_planetgame\project3_planetgame\x64\debug\project3.50365221.tlog\cl.read.1.tlog
c:\users\shane\onedrive\documents\visual studio 2019\projects\project3_planetgame\project3_planetgame\x64\debug\project3.50365221.tlog\cl.write.1.tlog
c:\users\shane\onedrive\documents\visual studio 2019\projects\project3_planetgame\project3_planetgame\x64\debug\project3.50365221.tlog\link.command.1.tlog
c:\users\shane\onedrive\documents\visual studio 2019\projects\project3_planetgame\project3_planetgame\x64\debug\project3.50365221.tlog\link.read.1.tlog
c:\users\shane\onedrive\documents\visual studio 2019\projects\project3_planetgame\project3_planetgame\x64\debug\project3.50365221.tlog\link.write.1.tlog
